<?xml version="1.0" encoding="UTF-8" ?>
<testsuite tests="7" failures="7" name="CalculatorTest" time="0.001" errors="0" skipped="0">
  <properties>
[...]
</properties>
  <testcase classname="CalculatorTest" name="CalculatorTest.testExtractEachNumberNegative" time="0.001">
    <failure message="Cannot invoke &quot;Calculator.extractEachNumber(int)&quot; because &quot;this.calculator&quot; is null" type="java.lang.NullPointerException">java.lang.NullPointerException: Cannot invoke &quot;Calculator.extractEachNumber(int)&quot; because &quot;this.calculator&quot; is null
	at CalculatorTest.testExtractEachNumberNegative(CalculatorTest.java:128)
</failure>
  </testcase>
  <testcase classname="CalculatorTest" name="CalculatorTest.testExtractEachNumber2" time="0">
    <failure message="Cannot invoke &quot;Calculator.extractEachNumber(int)&quot; because &quot;this.calculator&quot; is null" type="java.lang.NullPointerException">java.lang.NullPointerException: Cannot invoke &quot;Calculator.extractEachNumber(int)&quot; because &quot;this.calculator&quot; is null
	at CalculatorTest.testExtractEachNumber2(CalculatorTest.java:108)
</failure>
  </testcase>
  <testcase classname="CalculatorTest" name="CalculatorTest.testMultiplyDoubles" time="0">
    <failure message="Cannot invoke &quot;Calculator.multiply(double, double)&quot; because &quot;this.calculator&quot; is null" type="java.lang.NullPointerException">java.lang.NullPointerException: Cannot invoke &quot;Calculator.multiply(double, double)&quot; because &quot;this.calculator&quot; is null
	at CalculatorTest.testMultiplyDoubles(CalculatorTest.java:150)
</failure>
  </testcase>
  <testcase classname="CalculatorTest" name="CalculatorTest.testExtractEachNumber" time="0">
    <failure message="Cannot invoke &quot;Calculator.extractEachNumber(int)&quot; because &quot;this.calculator&quot; is null" type="java.lang.NullPointerException">java.lang.NullPointerException: Cannot invoke &quot;Calculator.extractEachNumber(int)&quot; because &quot;this.calculator&quot; is null
	at CalculatorTest.testExtractEachNumber(CalculatorTest.java:97)
</failure>
  </testcase>
  <testcase classname="CalculatorTest" name="CalculatorTest.testExtractEachNumberZero" time="0">
    <failure message="Cannot invoke &quot;Calculator.extractEachNumber(int)&quot; because &quot;this.calculator&quot; is null" type="java.lang.NullPointerException">java.lang.NullPointerException: Cannot invoke &quot;Calculator.extractEachNumber(int)&quot; because &quot;this.calculator&quot; is null
	at CalculatorTest.testExtractEachNumberZero(CalculatorTest.java:119)
</failure>
  </testcase>
  <testcase classname="CalculatorTest" name="CalculatorTest.testLongCalcule" time="0">
    <failure message="Cannot invoke &quot;Calculator.longCalculation()&quot; because &quot;this.calculator&quot; is null" type="java.lang.NullPointerException">java.lang.NullPointerException: Cannot invoke &quot;Calculator.longCalculation()&quot; because &quot;this.calculator&quot; is null
	at CalculatorTest.testLongCalcule(CalculatorTest.java:88)
</failure>
  </testcase>
  <testcase classname="CalculatorTest" name="CalculatorTest.testAddDoubles" time="0">
    <failure message="Cannot invoke &quot;Calculator.add(double, double)&quot; because &quot;this.calculator&quot; is null" type="java.lang.NullPointerException">java.lang.NullPointerException: Cannot invoke &quot;Calculator.add(double, double)&quot; because &quot;this.calculator&quot; is null
	at CalculatorTest.testAddDoubles(CalculatorTest.java:139)
</failure>
  </testcase>
</testsuite>